{
  "stats": {
    "suites": 2,
    "tests": 2,
    "passes": 0,
    "pending": 0,
    "failures": 2,
    "start": "2020-04-15T22:57:41.860Z",
    "end": "2020-04-15T22:57:53.315Z",
    "duration": 11455,
    "testsRegistered": 2,
    "passPercent": 0,
    "pendingPercent": 0,
    "other": 0,
    "hasOther": false,
    "skipped": 0,
    "hasSkipped": false
  },
  "results": [
    {
      "uuid": "8410b5cc-740f-4b8e-81cb-d5bb6dc9a7c9",
      "title": "",
      "fullFile": "cypress\\integration\\specs\\assertions.spec.js",
      "file": "cypress\\integration\\specs\\assertions.spec.js",
      "beforeHooks": [],
      "afterHooks": [],
      "tests": [],
      "suites": [
        {
          "uuid": "dfe7b07f-a282-406e-93a5-4149a30b6b77",
          "title": "Assertions",
          "fullFile": "",
          "file": "",
          "beforeHooks": [],
          "afterHooks": [],
          "tests": [],
          "suites": [
            {
              "uuid": "6b5ef8c8-270b-4a01-b0ec-7459fb41128a",
              "title": "Implicit Assertions",
              "fullFile": "",
              "file": "",
              "beforeHooks": [],
              "afterHooks": [],
              "tests": [
                {
                  "title": ".should() - make an assertion about the current subject",
                  "fullTitle": "Assertions Implicit Assertions .should() - make an assertion about the current subject",
                  "timedOut": null,
                  "duration": 4838,
                  "state": "failed",
                  "speed": null,
                  "pass": false,
                  "fail": true,
                  "pending": false,
                  "context": null,
                  "code": "// https://on.cypress.io/should\ncy.get('.assertion-table').find('tbody tr:last').should('have.class', 'success').find('td').first() // checking the text of the <td> element in various ways\n.should('not.have.text', 'Column content').should('contain', 'Column content').should('have.html', 'Column content') // chai-jquery uses \"is()\" to check if element matches selector\n.should('match', 'td') // to match text content against a regular expression\n// first need to invoke jQuery method text()\n// and then match using regular expression\n.invoke('text').should('match', /column content/i); // a better way to check element's text content against a regular expression\n// is to use \"cy.contains\"\n// https://on.cypress.io/contains\ncy.get('.assertion-table').find('tbody tr:last') // finds first <td> element with text content matching regular expression\n.contains('td', /column content/i).should('not.be.visible'); // for more information about asserting element's text\n// see https://on.cypress.io/using-cypress-faq#How-do-I-get-an-element’s-text-contents",
                  "err": {
                    "message": "AssertionError: Timed out retrying: expected '<td>' not to have text 'Column content'",
                    "estack": "AssertionError: Timed out retrying: expected '<td>' not to have text 'Column content'\n    at applyChainer (https://example.cypress.io/__cypress/runner/cypress_runner.js:131707:32)\n    at https://example.cypress.io/__cypress/runner/cypress_runner.js:131748:16\n    at arrayReduce (https://example.cypress.io/__cypress/runner/cypress_runner.js:18403:21)\n    at Function.reduce (https://example.cypress.io/__cypress/runner/cypress_runner.js:27401:14)\n    at applyChainers (https://example.cypress.io/__cypress/runner/cypress_runner.js:131738:18)\n    at tryCatcher (https://example.cypress.io/__cypress/runner/cypress_runner.js:9059:23)\n    at Function.Promise.attempt.Promise.try (https://example.cypress.io/__cypress/runner/cypress_runner.js:6333:29)\n    at Context.shouldFn (https://example.cypress.io/__cypress/runner/cypress_runner.js:131752:23)\n    at Context.should (https://example.cypress.io/__cypress/runner/cypress_runner.js:131767:23)\n    at https://example.cypress.io/__cypress/runner/cypress_runner.js:127819:39\n    at assertions (https://example.cypress.io/__cypress/runner/cypress_runner.js:128079:14)\n    at tryCatcher (https://example.cypress.io/__cypress/runner/cypress_runner.js:9059:23)\n    at Object.gotValue (https://example.cypress.io/__cypress/runner/cypress_runner.js:8203:18)\n    at Object.gotAccum (https://example.cypress.io/__cypress/runner/cypress_runner.js:8190:25)\n    at Object.tryCatcher (https://example.cypress.io/__cypress/runner/cypress_runner.js:9059:23)\n    at Promise._settlePromiseFromHandler (https://example.cypress.io/__cypress/runner/cypress_runner.js:6994:31)",
                    "diff": ""
                  },
                  "uuid": "bdfe05c3-3f64-4bff-a298-f0092cb196d1",
                  "parentUUID": "6b5ef8c8-270b-4a01-b0ec-7459fb41128a",
                  "isHook": false,
                  "skipped": false
                },
                {
                  "title": ".and() - chain multiple assertions together",
                  "fullTitle": "Assertions Implicit Assertions .and() - chain multiple assertions together",
                  "timedOut": null,
                  "duration": 4555,
                  "state": "failed",
                  "speed": null,
                  "pass": false,
                  "fail": true,
                  "pending": false,
                  "context": null,
                  "code": "// https://on.cypress.io/and\ncy.get('.assertions-link').should('not.have.class', 'active').and('have.attr', 'href').and('include', 'cypress.io');",
                  "err": {
                    "message": "AssertionError: Timed out retrying: expected '<a.assertions-link.active>' not to have class 'active'",
                    "estack": "AssertionError: Timed out retrying: expected '<a.assertions-link.active>' not to have class 'active'\n    at applyChainer (https://example.cypress.io/__cypress/runner/cypress_runner.js:131707:32)\n    at https://example.cypress.io/__cypress/runner/cypress_runner.js:131748:16\n    at arrayReduce (https://example.cypress.io/__cypress/runner/cypress_runner.js:18403:21)\n    at Function.reduce (https://example.cypress.io/__cypress/runner/cypress_runner.js:27401:14)\n    at applyChainers (https://example.cypress.io/__cypress/runner/cypress_runner.js:131738:18)\n    at tryCatcher (https://example.cypress.io/__cypress/runner/cypress_runner.js:9059:23)\n    at Function.Promise.attempt.Promise.try (https://example.cypress.io/__cypress/runner/cypress_runner.js:6333:29)\n    at Context.shouldFn (https://example.cypress.io/__cypress/runner/cypress_runner.js:131752:23)\n    at Context.should (https://example.cypress.io/__cypress/runner/cypress_runner.js:131767:23)\n    at https://example.cypress.io/__cypress/runner/cypress_runner.js:127819:39\n    at assertions (https://example.cypress.io/__cypress/runner/cypress_runner.js:128079:14)\n    at tryCatcher (https://example.cypress.io/__cypress/runner/cypress_runner.js:9059:23)\n    at Object.gotValue (https://example.cypress.io/__cypress/runner/cypress_runner.js:8203:18)\n    at Object.gotAccum (https://example.cypress.io/__cypress/runner/cypress_runner.js:8190:25)\n    at Object.tryCatcher (https://example.cypress.io/__cypress/runner/cypress_runner.js:9059:23)\n    at Promise._settlePromiseFromHandler (https://example.cypress.io/__cypress/runner/cypress_runner.js:6994:31)",
                    "diff": null
                  },
                  "uuid": "3c54c02f-0424-4f44-98e6-ccdbed3e60c7",
                  "parentUUID": "6b5ef8c8-270b-4a01-b0ec-7459fb41128a",
                  "isHook": false,
                  "skipped": false
                }
              ],
              "suites": [],
              "passes": [],
              "failures": [
                "bdfe05c3-3f64-4bff-a298-f0092cb196d1",
                "3c54c02f-0424-4f44-98e6-ccdbed3e60c7"
              ],
              "pending": [],
              "skipped": [],
              "duration": 9393,
              "root": false,
              "rootEmpty": false,
              "_timeout": 2000
            }
          ],
          "passes": [],
          "failures": [],
          "pending": [],
          "skipped": [],
          "duration": 0,
          "root": false,
          "rootEmpty": false,
          "_timeout": 2000
        }
      ],
      "passes": [],
      "failures": [],
      "pending": [],
      "skipped": [],
      "duration": 0,
      "root": true,
      "rootEmpty": true,
      "_timeout": 2000
    }
  ],
  "meta": {
    "mocha": {
      "version": "7.1.1"
    },
    "mochawesome": {
      "options": {
        "quiet": false,
        "reportFilename": "mochawesome",
        "saveHtml": false,
        "saveJson": true,
        "consoleReporter": "spec",
        "useInlineDiffs": false,
        "code": true
      },
      "version": "6.0.0"
    },
    "marge": {
      "options": {
        "reportDir": "frontend/src/results",
        "overwrite": false,
        "html": false,
        "json": true
      },
      "version": "5.0.0"
    }
  }
}