{
  "stats": {
    "suites": 1,
    "tests": 1,
    "passes": 0,
    "pending": 0,
    "failures": 1,
    "start": "2020-04-13T14:37:04.331Z",
    "end": "2020-04-13T14:37:12.987Z",
    "duration": 8656,
    "testsRegistered": 1,
    "passPercent": 0,
    "pendingPercent": 0,
    "other": 0,
    "hasOther": false,
    "skipped": 0,
    "hasSkipped": false
  },
  "results": [
    {
      "uuid": "cef87204-92fa-4d18-be29-87f4c72794ff",
      "title": "",
      "fullFile": "cypress\\integration\\Teste.feature",
      "file": "cypress\\integration\\Teste.feature",
      "beforeHooks": [],
      "afterHooks": [],
      "tests": [],
      "suites": [
        {
          "uuid": "9340c673-377b-4848-ae47-fffeb8b6d736",
          "title": "Visit Page",
          "fullFile": "",
          "file": "",
          "beforeHooks": [],
          "afterHooks": [],
          "tests": [
            {
              "title": "Open Page",
              "fullTitle": "Visit Page Open Page",
              "timedOut": null,
              "duration": 5845,
              "state": "failed",
              "speed": null,
              "pass": false,
              "fail": true,
              "pending": false,
              "context": null,
              "code": "const state = window.testState;\nreturn cy\n  .then(() => state.onStartScenario(scenario, indexedSteps))\n  .then(() =>\n    resolveAndRunBeforeHooks.call(this, scenario.tags, state.feature.name)\n  )\n  .then(() =>\n    indexedSteps.forEach(step => stepTest.call(this, state, step, rowData))\n  )\n  .then(() =>\n    resolveAndRunAfterHooks.call(this, scenario.tags, state.feature.name)\n  )\n  .then(() => state.onFinishScenario(scenario));",
              "err": {
                "message": "AssertionError: Timed out retrying: expected '<h1>' not to contain 'Assertions'",
                "estack": "AssertionError: Timed out retrying: expected '<h1>' not to contain 'Assertions'\n    at applyChainer (https://example.cypress.io/__cypress/runner/cypress_runner.js:131707:32)\n    at https://example.cypress.io/__cypress/runner/cypress_runner.js:131748:16\n    at arrayReduce (https://example.cypress.io/__cypress/runner/cypress_runner.js:18403:21)\n    at Function.reduce (https://example.cypress.io/__cypress/runner/cypress_runner.js:27401:14)\n    at applyChainers (https://example.cypress.io/__cypress/runner/cypress_runner.js:131738:18)\n    at tryCatcher (https://example.cypress.io/__cypress/runner/cypress_runner.js:9059:23)\n    at Function.Promise.attempt.Promise.try (https://example.cypress.io/__cypress/runner/cypress_runner.js:6333:29)\n    at Context.shouldFn (https://example.cypress.io/__cypress/runner/cypress_runner.js:131752:23)\n    at Context.should (https://example.cypress.io/__cypress/runner/cypress_runner.js:131767:23)\n    at https://example.cypress.io/__cypress/runner/cypress_runner.js:127819:39\n    at assertions (https://example.cypress.io/__cypress/runner/cypress_runner.js:128079:14)\n    at tryCatcher (https://example.cypress.io/__cypress/runner/cypress_runner.js:9059:23)\n    at Object.gotValue (https://example.cypress.io/__cypress/runner/cypress_runner.js:8203:18)\n    at Object.gotAccum (https://example.cypress.io/__cypress/runner/cypress_runner.js:8190:25)\n    at Object.tryCatcher (https://example.cypress.io/__cypress/runner/cypress_runner.js:9059:23)\n    at Promise._settlePromiseFromHandler (https://example.cypress.io/__cypress/runner/cypress_runner.js:6994:31)",
                "diff": null
              },
              "uuid": "6636db20-d8df-417b-a4b0-caa334a96aa8",
              "parentUUID": "9340c673-377b-4848-ae47-fffeb8b6d736",
              "isHook": false,
              "skipped": false
            }
          ],
          "suites": [],
          "passes": [],
          "failures": [
            "6636db20-d8df-417b-a4b0-caa334a96aa8"
          ],
          "pending": [],
          "skipped": [],
          "duration": 5845,
          "root": false,
          "rootEmpty": false,
          "_timeout": 2000
        }
      ],
      "passes": [],
      "failures": [],
      "pending": [],
      "skipped": [],
      "duration": 0,
      "root": true,
      "rootEmpty": true,
      "_timeout": 2000
    }
  ],
  "meta": {
    "mocha": {
      "version": "7.1.1"
    },
    "mochawesome": {
      "options": {
        "quiet": false,
        "reportFilename": "mochawesome",
        "saveHtml": false,
        "saveJson": true,
        "consoleReporter": "spec",
        "useInlineDiffs": false,
        "code": true
      },
      "version": "6.0.0"
    },
    "marge": {
      "options": {
        "reportDir": "frontend/src/results",
        "overwrite": false,
        "html": false,
        "json": true
      },
      "version": "5.0.0"
    }
  }
}