{
  "stats": {
    "suites": 2,
    "tests": 2,
    "passes": 1,
    "pending": 0,
    "failures": 1,
    "start": "2020-04-14T11:43:55.362Z",
    "end": "2020-04-14T11:44:02.444Z",
    "duration": 7082,
    "testsRegistered": 2,
    "passPercent": 50,
    "pendingPercent": 0,
    "other": 0,
    "hasOther": false,
    "skipped": 0,
    "hasSkipped": false
  },
  "results": [
    {
      "uuid": "e659a42c-d867-448a-b0e2-8610c78504cf",
      "title": "",
      "fullFile": "cypress\\integration\\specs\\assertions.spec.js",
      "file": "cypress\\integration\\specs\\assertions.spec.js",
      "beforeHooks": [],
      "afterHooks": [],
      "tests": [],
      "suites": [
        {
          "uuid": "9d4788de-c9f2-4262-80e0-72ed0651a384",
          "title": "Assertions",
          "fullFile": "",
          "file": "",
          "beforeHooks": [],
          "afterHooks": [],
          "tests": [],
          "suites": [
            {
              "uuid": "6c8be839-9594-4505-9e58-9273df26abf6",
              "title": "Implicit Assertions",
              "fullFile": "",
              "file": "",
              "beforeHooks": [],
              "afterHooks": [],
              "tests": [
                {
                  "title": ".should() - make an assertion about the current subject",
                  "fullTitle": "Assertions Implicit Assertions .should() - make an assertion about the current subject",
                  "timedOut": null,
                  "duration": 4933,
                  "state": "failed",
                  "speed": null,
                  "pass": false,
                  "fail": true,
                  "pending": false,
                  "context": null,
                  "code": "// https://on.cypress.io/should\ncy.get('.assertion-table').find('tbody tr:last').should('have.class', 'success').find('td').first() // checking the text of the <td> element in various ways\n.should('have.text', 'Column content').should('contain', 'Column content').should('have.html', 'Column content') // chai-jquery uses \"is()\" to check if element matches selector\n.should('match', 'td') // to match text content against a regular expression\n// first need to invoke jQuery method text()\n// and then match using regular expression\n.invoke('text').should('match', /column content/i); // a better way to check element's text content against a regular expression\n// is to use \"cy.contains\"\n// https://on.cypress.io/contains\ncy.get('.assertion-table').find('tbody tr:last') // finds first <td> element with text content matching regular expression\n.contains('td', /column content/i).should('not.be.visible'); // for more information about asserting element's text\n// see https://on.cypress.io/using-cypress-faq#How-do-I-get-an-element’s-text-contents",
                  "err": {
                    "message": "AssertionError: Timed out retrying: expected '<td>' not to be 'visible'",
                    "estack": "AssertionError: Timed out retrying: expected '<td>' not to be 'visible'\n    at applyChainer (https://example.cypress.io/__cypress/runner/cypress_runner.js:131705:30)\n    at https://example.cypress.io/__cypress/runner/cypress_runner.js:131748:16\n    at arrayReduce (https://example.cypress.io/__cypress/runner/cypress_runner.js:18403:21)\n    at Function.reduce (https://example.cypress.io/__cypress/runner/cypress_runner.js:27401:14)\n    at applyChainers (https://example.cypress.io/__cypress/runner/cypress_runner.js:131738:18)\n    at tryCatcher (https://example.cypress.io/__cypress/runner/cypress_runner.js:9059:23)\n    at Function.Promise.attempt.Promise.try (https://example.cypress.io/__cypress/runner/cypress_runner.js:6333:29)\n    at Context.shouldFn (https://example.cypress.io/__cypress/runner/cypress_runner.js:131752:23)\n    at Context.should (https://example.cypress.io/__cypress/runner/cypress_runner.js:131767:23)\n    at https://example.cypress.io/__cypress/runner/cypress_runner.js:127819:39\n    at assertions (https://example.cypress.io/__cypress/runner/cypress_runner.js:128079:14)\n    at tryCatcher (https://example.cypress.io/__cypress/runner/cypress_runner.js:9059:23)\n    at Object.gotValue (https://example.cypress.io/__cypress/runner/cypress_runner.js:8203:18)\n    at Object.gotAccum (https://example.cypress.io/__cypress/runner/cypress_runner.js:8190:25)\n    at Object.tryCatcher (https://example.cypress.io/__cypress/runner/cypress_runner.js:9059:23)\n    at Promise._settlePromiseFromHandler (https://example.cypress.io/__cypress/runner/cypress_runner.js:6994:31)",
                    "diff": null
                  },
                  "uuid": "ec41dc6a-5530-4f89-87db-f07f9d1d6ffd",
                  "parentUUID": "6c8be839-9594-4505-9e58-9273df26abf6",
                  "isHook": false,
                  "skipped": false
                },
                {
                  "title": ".and() - chain multiple assertions together",
                  "fullTitle": "Assertions Implicit Assertions .and() - chain multiple assertions together",
                  "timedOut": null,
                  "duration": 204,
                  "state": "passed",
                  "speed": "slow",
                  "pass": true,
                  "fail": false,
                  "pending": false,
                  "context": null,
                  "code": "// https://on.cypress.io/and\ncy.get('.assertions-link').should('have.class', 'active').and('have.attr', 'href').and('include', 'cypress.io');",
                  "err": {},
                  "uuid": "8fee8dd7-3265-47f1-b5aa-4e3a1b7c87a3",
                  "parentUUID": "6c8be839-9594-4505-9e58-9273df26abf6",
                  "isHook": false,
                  "skipped": false
                }
              ],
              "suites": [],
              "passes": [
                "8fee8dd7-3265-47f1-b5aa-4e3a1b7c87a3"
              ],
              "failures": [
                "ec41dc6a-5530-4f89-87db-f07f9d1d6ffd"
              ],
              "pending": [],
              "skipped": [],
              "duration": 5137,
              "root": false,
              "rootEmpty": false,
              "_timeout": 2000
            }
          ],
          "passes": [],
          "failures": [],
          "pending": [],
          "skipped": [],
          "duration": 0,
          "root": false,
          "rootEmpty": false,
          "_timeout": 2000
        }
      ],
      "passes": [],
      "failures": [],
      "pending": [],
      "skipped": [],
      "duration": 0,
      "root": true,
      "rootEmpty": true,
      "_timeout": 2000
    }
  ],
  "meta": {
    "mocha": {
      "version": "7.1.1"
    },
    "mochawesome": {
      "options": {
        "quiet": false,
        "reportFilename": "mochawesome",
        "saveHtml": false,
        "saveJson": true,
        "consoleReporter": "spec",
        "useInlineDiffs": false,
        "code": true
      },
      "version": "6.0.0"
    },
    "marge": {
      "options": {
        "reportDir": "frontend/src/results",
        "overwrite": false,
        "html": false,
        "json": true
      },
      "version": "5.0.0"
    }
  }
}