{
  "stats": {
    "suites": 1,
    "tests": 3,
    "passes": 0,
    "pending": 0,
    "failures": 3,
    "start": "2020-04-13T14:35:52.504Z",
    "end": "2020-04-13T14:36:12.853Z",
    "duration": 20349,
    "testsRegistered": 3,
    "passPercent": 0,
    "pendingPercent": 0,
    "other": 0,
    "hasOther": false,
    "skipped": 0,
    "hasSkipped": false
  },
  "results": [
    {
      "uuid": "331c72c4-82ac-49c1-bd98-57d88a76e8b6",
      "title": "",
      "fullFile": "cypress\\integration\\specs\\actions.spec.js",
      "file": "cypress\\integration\\specs\\actions.spec.js",
      "beforeHooks": [],
      "afterHooks": [],
      "tests": [],
      "suites": [
        {
          "uuid": "62eae9d6-a884-4971-b541-bfe1a87cc29f",
          "title": "Actions",
          "fullFile": "",
          "file": "",
          "beforeHooks": [],
          "afterHooks": [],
          "tests": [
            {
              "title": ".type() - type into a DOM element",
              "fullTitle": "Actions .type() - type into a DOM element",
              "timedOut": null,
              "duration": 6232,
              "state": "failed",
              "speed": null,
              "pass": false,
              "fail": true,
              "pending": false,
              "context": null,
              "code": "// https://on.cypress.io/type\ncy.get('.action-email').type('fake@email.com').should('not.have.value', 'fake@email.com') // .type() with special character sequences\n.type('{leftarrow}{rightarrow}{uparrow}{downarrow}').type('{del}{selectall}{backspace}') // .type() with key modifiers\n.type('{alt}{option}') //these are equivalent\n.type('{ctrl}{control}') //these are equivalent\n.type('{meta}{command}{cmd}') //these are equivalent\n.type('{shift}') // Delay each keypress by 0.1 sec\n.type('slow.typing@email.com', {\n  delay: 100\n}).should('have.value', 'slow.typing@email.com');\ncy.get('.action-disabled') // Ignore error checking prior to type\n// like whether the input is visible or disabled\n.type('disabled error checking', {\n  force: true\n}).should('have.value', 'disabled error checking');",
              "err": {
                "message": "AssertionError: Timed out retrying: expected '<input#email1.form-control.action-email>' not to have value 'fake@email.com'",
                "estack": "AssertionError: Timed out retrying: expected '<input#email1.form-control.action-email>' not to have value 'fake@email.com'\n    at applyChainer (https://example.cypress.io/__cypress/runner/cypress_runner.js:131707:32)\n    at https://example.cypress.io/__cypress/runner/cypress_runner.js:131748:16\n    at arrayReduce (https://example.cypress.io/__cypress/runner/cypress_runner.js:18403:21)\n    at Function.reduce (https://example.cypress.io/__cypress/runner/cypress_runner.js:27401:14)\n    at applyChainers (https://example.cypress.io/__cypress/runner/cypress_runner.js:131738:18)\n    at tryCatcher (https://example.cypress.io/__cypress/runner/cypress_runner.js:9059:23)\n    at Function.Promise.attempt.Promise.try (https://example.cypress.io/__cypress/runner/cypress_runner.js:6333:29)\n    at Context.shouldFn (https://example.cypress.io/__cypress/runner/cypress_runner.js:131752:23)\n    at Context.should (https://example.cypress.io/__cypress/runner/cypress_runner.js:131767:23)\n    at https://example.cypress.io/__cypress/runner/cypress_runner.js:127819:39\n    at assertions (https://example.cypress.io/__cypress/runner/cypress_runner.js:128079:14)\n    at tryCatcher (https://example.cypress.io/__cypress/runner/cypress_runner.js:9059:23)\n    at Object.gotValue (https://example.cypress.io/__cypress/runner/cypress_runner.js:8203:18)\n    at Object.gotAccum (https://example.cypress.io/__cypress/runner/cypress_runner.js:8190:25)\n    at Object.tryCatcher (https://example.cypress.io/__cypress/runner/cypress_runner.js:9059:23)\n    at Promise._settlePromiseFromHandler (https://example.cypress.io/__cypress/runner/cypress_runner.js:6994:31)",
                "diff": ""
              },
              "uuid": "5d5cc7b4-abe7-4777-8121-efe50cc0f9ba",
              "parentUUID": "62eae9d6-a884-4971-b541-bfe1a87cc29f",
              "isHook": false,
              "skipped": false
            },
            {
              "title": ".focus() - focus on a DOM element",
              "fullTitle": "Actions .focus() - focus on a DOM element",
              "timedOut": null,
              "duration": 5321,
              "state": "failed",
              "speed": null,
              "pass": false,
              "fail": true,
              "pending": false,
              "context": null,
              "code": "// https://on.cypress.io/focus\ncy.get('.action-focus').focus().should('have.class', 'focus').prev().should('not.have.attr', 'style', 'color: orange;');",
              "err": {
                "message": "AssertionError: Timed out retrying: expected '<label>' not to have attribute 'style' with the value 'color: orange;', but the value was 'color: orange;'",
                "estack": "AssertionError: Timed out retrying: expected '<label>' not to have attribute 'style' with the value 'color: orange;', but the value was 'color: orange;'\n    at applyChainer (https://example.cypress.io/__cypress/runner/cypress_runner.js:131707:32)\n    at https://example.cypress.io/__cypress/runner/cypress_runner.js:131748:16\n    at arrayReduce (https://example.cypress.io/__cypress/runner/cypress_runner.js:18403:21)\n    at Function.reduce (https://example.cypress.io/__cypress/runner/cypress_runner.js:27401:14)\n    at applyChainers (https://example.cypress.io/__cypress/runner/cypress_runner.js:131738:18)\n    at tryCatcher (https://example.cypress.io/__cypress/runner/cypress_runner.js:9059:23)\n    at Function.Promise.attempt.Promise.try (https://example.cypress.io/__cypress/runner/cypress_runner.js:6333:29)\n    at Context.shouldFn (https://example.cypress.io/__cypress/runner/cypress_runner.js:131752:23)\n    at Context.should (https://example.cypress.io/__cypress/runner/cypress_runner.js:131767:23)\n    at https://example.cypress.io/__cypress/runner/cypress_runner.js:127819:39\n    at assertions (https://example.cypress.io/__cypress/runner/cypress_runner.js:128079:14)\n    at tryCatcher (https://example.cypress.io/__cypress/runner/cypress_runner.js:9059:23)\n    at Object.gotValue (https://example.cypress.io/__cypress/runner/cypress_runner.js:8203:18)\n    at Object.gotAccum (https://example.cypress.io/__cypress/runner/cypress_runner.js:8190:25)\n    at Object.tryCatcher (https://example.cypress.io/__cypress/runner/cypress_runner.js:9059:23)\n    at Promise._settlePromiseFromHandler (https://example.cypress.io/__cypress/runner/cypress_runner.js:6994:31)",
                "diff": ""
              },
              "uuid": "670e7c5c-3e48-4854-80de-91e9e4bbe416",
              "parentUUID": "62eae9d6-a884-4971-b541-bfe1a87cc29f",
              "isHook": false,
              "skipped": false
            },
            {
              "title": ".blur() - blur off a DOM element",
              "fullTitle": "Actions .blur() - blur off a DOM element",
              "timedOut": null,
              "duration": 5664,
              "state": "failed",
              "speed": null,
              "pass": false,
              "fail": true,
              "pending": false,
              "context": null,
              "code": "// https://on.cypress.io/blur\ncy.get('.action-blur').type('About to blur').blur().should('have.class', 'error').prev().should('not.have.attr', 'style', 'color: red;');",
              "err": {
                "message": "AssertionError: Timed out retrying: expected '<label>' not to have attribute 'style' with the value 'color: red;', but the value was 'color: red;'",
                "estack": "AssertionError: Timed out retrying: expected '<label>' not to have attribute 'style' with the value 'color: red;', but the value was 'color: red;'\n    at applyChainer (https://example.cypress.io/__cypress/runner/cypress_runner.js:131707:32)\n    at https://example.cypress.io/__cypress/runner/cypress_runner.js:131748:16\n    at arrayReduce (https://example.cypress.io/__cypress/runner/cypress_runner.js:18403:21)\n    at Function.reduce (https://example.cypress.io/__cypress/runner/cypress_runner.js:27401:14)\n    at applyChainers (https://example.cypress.io/__cypress/runner/cypress_runner.js:131738:18)\n    at tryCatcher (https://example.cypress.io/__cypress/runner/cypress_runner.js:9059:23)\n    at Function.Promise.attempt.Promise.try (https://example.cypress.io/__cypress/runner/cypress_runner.js:6333:29)\n    at Context.shouldFn (https://example.cypress.io/__cypress/runner/cypress_runner.js:131752:23)\n    at Context.should (https://example.cypress.io/__cypress/runner/cypress_runner.js:131767:23)\n    at https://example.cypress.io/__cypress/runner/cypress_runner.js:127819:39\n    at assertions (https://example.cypress.io/__cypress/runner/cypress_runner.js:128079:14)\n    at tryCatcher (https://example.cypress.io/__cypress/runner/cypress_runner.js:9059:23)\n    at Object.gotValue (https://example.cypress.io/__cypress/runner/cypress_runner.js:8203:18)\n    at Object.gotAccum (https://example.cypress.io/__cypress/runner/cypress_runner.js:8190:25)\n    at Object.tryCatcher (https://example.cypress.io/__cypress/runner/cypress_runner.js:9059:23)\n    at Promise._settlePromiseFromHandler (https://example.cypress.io/__cypress/runner/cypress_runner.js:6994:31)",
                "diff": ""
              },
              "uuid": "31d6abfd-9464-4252-b5cf-377d8e1a8d39",
              "parentUUID": "62eae9d6-a884-4971-b541-bfe1a87cc29f",
              "isHook": false,
              "skipped": false
            }
          ],
          "suites": [],
          "passes": [],
          "failures": [
            "5d5cc7b4-abe7-4777-8121-efe50cc0f9ba",
            "670e7c5c-3e48-4854-80de-91e9e4bbe416",
            "31d6abfd-9464-4252-b5cf-377d8e1a8d39"
          ],
          "pending": [],
          "skipped": [],
          "duration": 17217,
          "root": false,
          "rootEmpty": false,
          "_timeout": 2000
        }
      ],
      "passes": [],
      "failures": [],
      "pending": [],
      "skipped": [],
      "duration": 0,
      "root": true,
      "rootEmpty": true,
      "_timeout": 2000
    }
  ],
  "meta": {
    "mocha": {
      "version": "7.1.1"
    },
    "mochawesome": {
      "options": {
        "quiet": false,
        "reportFilename": "mochawesome",
        "saveHtml": false,
        "saveJson": true,
        "consoleReporter": "spec",
        "useInlineDiffs": false,
        "code": true
      },
      "version": "6.0.0"
    },
    "marge": {
      "options": {
        "reportDir": "frontend/src/results",
        "overwrite": false,
        "html": false,
        "json": true
      },
      "version": "5.0.0"
    }
  }
}