{
  "stats": {
    "suites": 1,
    "tests": 3,
    "passes": 1,
    "pending": 1,
    "failures": 1,
    "start": "2020-04-15T22:57:20.032Z",
    "end": "2020-04-15T22:57:28.833Z",
    "duration": 8801,
    "testsRegistered": 3,
    "passPercent": 50,
    "pendingPercent": 33.33333333333333,
    "other": 0,
    "hasOther": false,
    "skipped": 0,
    "hasSkipped": false
  },
  "results": [
    {
      "uuid": "b028c5cb-dacb-497e-a0e7-75b51453a9b5",
      "title": "",
      "fullFile": "cypress\\integration\\specs\\actions.spec.js",
      "file": "cypress\\integration\\specs\\actions.spec.js",
      "beforeHooks": [],
      "afterHooks": [],
      "tests": [],
      "suites": [
        {
          "uuid": "2461c50d-9ac5-4c50-ab28-66caff2959ee",
          "title": "Actions",
          "fullFile": "",
          "file": "",
          "beforeHooks": [],
          "afterHooks": [],
          "tests": [
            {
              "title": ".type() - type into a DOM element",
              "fullTitle": "Actions .type() - type into a DOM element",
              "timedOut": null,
              "duration": 5607,
              "state": "failed",
              "speed": null,
              "pass": false,
              "fail": true,
              "pending": false,
              "context": null,
              "code": "// https://on.cypress.io/type\ncy.get('.action-email').type('fake@email.com').should('not.have.value', 'fake@email.com') // .type() with special character sequences\n.type('{leftarrow}{rightarrow}{uparrow}{downarrow}').type('{del}{selectall}{backspace}') // .type() with key modifiers\n.type('{alt}{option}') //these are equivalent\n.type('{ctrl}{control}') //these are equivalent\n.type('{meta}{command}{cmd}') //these are equivalent\n.type('{shift}') // Delay each keypress by 0.1 sec\n.type('slow.typing@email.com', {\n  delay: 100\n}).should('have.value', 'slow.typing@email.com');\ncy.get('.action-disabled') // Ignore error checking prior to type\n// like whether the input is visible or disabled\n.type('disabled error checking', {\n  force: true\n}).should('have.value', 'disabled error checking');",
              "err": {
                "message": "AssertionError: Timed out retrying: expected '<input#email1.form-control.action-email>' not to have value 'fake@email.com'",
                "estack": "AssertionError: Timed out retrying: expected '<input#email1.form-control.action-email>' not to have value 'fake@email.com'\n    at applyChainer (https://example.cypress.io/__cypress/runner/cypress_runner.js:131707:32)\n    at https://example.cypress.io/__cypress/runner/cypress_runner.js:131748:16\n    at arrayReduce (https://example.cypress.io/__cypress/runner/cypress_runner.js:18403:21)\n    at Function.reduce (https://example.cypress.io/__cypress/runner/cypress_runner.js:27401:14)\n    at applyChainers (https://example.cypress.io/__cypress/runner/cypress_runner.js:131738:18)\n    at tryCatcher (https://example.cypress.io/__cypress/runner/cypress_runner.js:9059:23)\n    at Function.Promise.attempt.Promise.try (https://example.cypress.io/__cypress/runner/cypress_runner.js:6333:29)\n    at Context.shouldFn (https://example.cypress.io/__cypress/runner/cypress_runner.js:131752:23)\n    at Context.should (https://example.cypress.io/__cypress/runner/cypress_runner.js:131767:23)\n    at https://example.cypress.io/__cypress/runner/cypress_runner.js:127819:39\n    at assertions (https://example.cypress.io/__cypress/runner/cypress_runner.js:128079:14)\n    at tryCatcher (https://example.cypress.io/__cypress/runner/cypress_runner.js:9059:23)\n    at Object.gotValue (https://example.cypress.io/__cypress/runner/cypress_runner.js:8203:18)\n    at Object.gotAccum (https://example.cypress.io/__cypress/runner/cypress_runner.js:8190:25)\n    at Object.tryCatcher (https://example.cypress.io/__cypress/runner/cypress_runner.js:9059:23)\n    at Promise._settlePromiseFromHandler (https://example.cypress.io/__cypress/runner/cypress_runner.js:6994:31)",
                "diff": ""
              },
              "uuid": "09e49fab-bc6d-4bf4-b87d-4fe4162e3fc9",
              "parentUUID": "2461c50d-9ac5-4c50-ab28-66caff2959ee",
              "isHook": false,
              "skipped": false
            },
            {
              "title": ".focus() - focus on a DOM element",
              "fullTitle": "Actions .focus() - focus on a DOM element",
              "timedOut": null,
              "duration": 0,
              "state": "pending",
              "speed": null,
              "pass": false,
              "fail": false,
              "pending": true,
              "context": null,
              "code": "",
              "err": {},
              "uuid": "b12c6fa4-31ed-4d5d-9470-03e47824105d",
              "parentUUID": "2461c50d-9ac5-4c50-ab28-66caff2959ee",
              "isHook": false,
              "skipped": false
            },
            {
              "title": ".blur() - blur off a DOM element",
              "fullTitle": "Actions .blur() - blur off a DOM element",
              "timedOut": null,
              "duration": 817,
              "state": "passed",
              "speed": "slow",
              "pass": true,
              "fail": false,
              "pending": false,
              "context": null,
              "code": "// https://on.cypress.io/blur\ncy.get('.action-blur').type('About to blur').blur().should('have.class', 'error').prev().should('have.attr', 'style', 'color: red;');",
              "err": {},
              "uuid": "250770b2-4003-42b7-9fcc-c2803b867298",
              "parentUUID": "2461c50d-9ac5-4c50-ab28-66caff2959ee",
              "isHook": false,
              "skipped": false
            }
          ],
          "suites": [],
          "passes": [
            "250770b2-4003-42b7-9fcc-c2803b867298"
          ],
          "failures": [
            "09e49fab-bc6d-4bf4-b87d-4fe4162e3fc9"
          ],
          "pending": [
            "b12c6fa4-31ed-4d5d-9470-03e47824105d"
          ],
          "skipped": [],
          "duration": 6424,
          "root": false,
          "rootEmpty": false,
          "_timeout": 2000
        }
      ],
      "passes": [],
      "failures": [],
      "pending": [],
      "skipped": [],
      "duration": 0,
      "root": true,
      "rootEmpty": true,
      "_timeout": 2000
    }
  ],
  "meta": {
    "mocha": {
      "version": "7.1.1"
    },
    "mochawesome": {
      "options": {
        "quiet": false,
        "reportFilename": "mochawesome",
        "saveHtml": false,
        "saveJson": true,
        "consoleReporter": "spec",
        "useInlineDiffs": false,
        "code": true
      },
      "version": "6.0.0"
    },
    "marge": {
      "options": {
        "reportDir": "frontend/src/results",
        "overwrite": false,
        "html": false,
        "json": true
      },
      "version": "5.0.0"
    }
  }
}