{
  "stats": {
    "suites": 1,
    "tests": 1,
    "passes": 1,
    "pending": 0,
    "failures": 0,
    "start": "2020-04-15T22:58:06.823Z",
    "end": "2020-04-15T22:58:06.897Z",
    "duration": 74,
    "testsRegistered": 1,
    "passPercent": 100,
    "pendingPercent": 0,
    "other": 0,
    "hasOther": false,
    "skipped": 0,
    "hasSkipped": false
  },
  "results": [
    {
      "uuid": "1dec4b28-b02c-40c5-bc22-f4603e260979",
      "title": "",
      "fullFile": "cypress\\integration\\specs\\test.spec.js",
      "file": "cypress\\integration\\specs\\test.spec.js",
      "beforeHooks": [],
      "afterHooks": [],
      "tests": [],
      "suites": [
        {
          "uuid": "1ae4a3df-9318-429c-af4e-94dae32ef306",
          "title": "Teste",
          "fullFile": "",
          "file": "",
          "beforeHooks": [],
          "afterHooks": [],
          "tests": [
            {
              "title": "Assert if true is equal to true",
              "fullTitle": "Teste Assert if true is equal to true",
              "timedOut": null,
              "duration": 51,
              "state": "passed",
              "speed": "medium",
              "pass": true,
              "fail": false,
              "pending": false,
              "context": null,
              "code": "expect(true).to.be[\"true\"];",
              "err": {},
              "uuid": "4f7fd267-16c8-4739-84c4-1a3aeb05314c",
              "parentUUID": "1ae4a3df-9318-429c-af4e-94dae32ef306",
              "isHook": false,
              "skipped": false
            }
          ],
          "suites": [],
          "passes": [
            "4f7fd267-16c8-4739-84c4-1a3aeb05314c"
          ],
          "failures": [],
          "pending": [],
          "skipped": [],
          "duration": 51,
          "root": false,
          "rootEmpty": false,
          "_timeout": 2000
        }
      ],
      "passes": [],
      "failures": [],
      "pending": [],
      "skipped": [],
      "duration": 0,
      "root": true,
      "rootEmpty": true,
      "_timeout": 2000
    }
  ],
  "meta": {
    "mocha": {
      "version": "7.1.1"
    },
    "mochawesome": {
      "options": {
        "quiet": false,
        "reportFilename": "mochawesome",
        "saveHtml": false,
        "saveJson": true,
        "consoleReporter": "spec",
        "useInlineDiffs": false,
        "code": true
      },
      "version": "6.0.0"
    },
    "marge": {
      "options": {
        "reportDir": "frontend/src/results",
        "overwrite": false,
        "html": false,
        "json": true
      },
      "version": "5.0.0"
    }
  }
}